1781608196.376759 2026-06-16 13:09:56 MainProcess-75884 MainThread-8399593088 parsl.dataflow.dflow:114 __init__ INFO: Starting DataFlowKernel with config
Config(
    dependency_resolver=None, 
    executors=(HighThroughputExecutor(
        address=None, 
        address_probe_timeout=None, 
        available_accelerators=[], 
        block_error_handler=<function simple_error_handler at 0x10aa64040>, 
        cores_per_worker=1.0, 
        cpu_affinity='none', 
        drain_period=None, 
        encrypted=True, 
        heartbeat_period=30, 
        heartbeat_threshold=120, 
        interchange_launch_cmd=['interchange.py'], 
        interchange_port_range=(55000, 56000), 
        label='htex_default_for_cytotable', 
        launch_cmd='process_worker_pool.py {debug} {max_workers_per_node} -a {addresses} -p {prefetch_capacity} -c {cores_per_worker} -m {mem_per_worker} --poll {poll_period} --port={worker_port} --cert_dir {cert_dir} --logdir={logdir} --logconf={logconf} --block_id={{block_id}} --hb_period={heartbeat_period} {address_probe_timeout_string} --hb_threshold={heartbeat_threshold} --drain_period={drain_period} --cpu-affinity {cpu_affinity} {enable_mpi_mode} --mpi-launcher={mpi_launcher} --available-accelerators {accelerators}', 
        loopback_address='127.0.0.1', 
        manager_selector=<parsl.executors.high_throughput.manager_selector.RandomManagerSelector object at 0x10aa58bc0>, 
        max_workers_per_node=inf, 
        mem_per_worker=None, 
        poll_period=10, 
        prefetch_capacity=0, 
        provider=LocalProvider(
            cmd_timeout=30, 
            init_blocks=1, 
            launcher=SingleNodeLauncher(debug=True, fail_on_any=False), 
            max_blocks=1, 
            min_blocks=0, 
            nodes_per_block=1, 
            parallelism=1, 
            worker_init=''
        ), 
        remote_monitoring_radio=HTEXRadio(), 
        storage_access=None, 
        worker_debug=False, 
        worker_logdir_root=None, 
        worker_port=None, 
        worker_port_range=(54000, 55000), 
        working_dir=None
    ),), 
    exit_mode='cleanup', 
    garbage_collect=True, 
    initialize_logging=True, 
    internal_tasks_max_threads=10, 
    max_idletime=120.0, 
    memoizer=None, 
    monitoring=None, 
    project_name=None, 
    retries=0, 
    retry_handler=None, 
    run_dir='runinfo', 
    std_autopath=None, 
    strategy='simple', 
    strategy_period=5, 
    usage_tracking=0
)
1781608196.382785 2026-06-16 13:09:56 MainProcess-75884 MainThread-8399593088 parsl.dataflow.dflow:116 __init__ INFO: Parsl version: 2026.06.01
1781608196.382910 2026-06-16 13:09:56 MainProcess-75884 MainThread-8399593088 parsl.usage_tracking.usage:119 __init__ DEBUG: Tracking level: 0
1781608196.382988 2026-06-16 13:09:56 MainProcess-75884 MainThread-8399593088 parsl.dataflow.dflow:139 __init__ INFO: Run id is: c1e79a35-07e6-4389-9a7a-5a804ebf1e52
1781608196.384493 2026-06-16 13:09:56 MainProcess-75884 MainThread-8399593088 parsl.dataflow.dflow:146 __init__ DEBUG: Considering candidate for workflow name: /Users/jakob/Documents/SINTEF/project/cytopipe/.venv/lib/python3.12/site-packages/parsl/dataflow/dflow.py
1781608196.384549 2026-06-16 13:09:56 MainProcess-75884 MainThread-8399593088 parsl.dataflow.dflow:146 __init__ DEBUG: Considering candidate for workflow name: /Users/jakob/Documents/SINTEF/project/cytopipe/.venv/lib/python3.12/site-packages/parsl/dataflow/dflow.py
1781608196.384592 2026-06-16 13:09:56 MainProcess-75884 MainThread-8399593088 parsl.dataflow.dflow:146 __init__ DEBUG: Considering candidate for workflow name: /Users/jakob/Documents/SINTEF/project/cytopipe/.venv/lib/python3.12/site-packages/cytotable/convert.py
1781608196.384632 2026-06-16 13:09:56 MainProcess-75884 MainThread-8399593088 parsl.dataflow.dflow:152 __init__ DEBUG: Using convert.py as workflow name
1781608196.384772 2026-06-16 13:09:56 MainProcess-75884 MainThread-8399593088 parsl.dataflow.memoization:335 start INFO: App caching initialized
1781608196.384824 2026-06-16 13:09:56 MainProcess-75884 MainThread-8399593088 parsl.jobs.strategy:145 __init__ DEBUG: Scaling strategy: simple
1781608196.384997 2026-06-16 13:09:56 MainProcess-75884 JobStatusPoller-Timer-Thread-4703152048-6189707264 parsl.jobs.strategy:184 _general_strategy DEBUG: general strategy starting with strategy_type simple for 0 executors
1781608196.385195 2026-06-16 13:09:56 MainProcess-75884 JobStatusPoller-Timer-Thread-4703152048-6189707264 parsl.process_loggers:27 wrapped DEBUG: Normal ending for _general_strategy on thread JobStatusPoller-Timer-Thread-4703152048
1781608196.385427 2026-06-16 13:09:56 MainProcess-75884 MainThread-8399593088 parsl.executors.high_throughput.executor:443 start DEBUG: Creating CurveZMQ certificates
1781608196.388048 2026-06-16 13:09:56 MainProcess-75884 MainThread-8399593088 parsl.executors.high_throughput.executor:630 _start_result_queue_thread DEBUG: Starting result queue thread
1781608196.388198 2026-06-16 13:09:56 MainProcess-75884 HTEX-Result-Queue-Thread-6209974272 parsl.executors.high_throughput.executor:506 _result_queue_worker DEBUG: Result queue worker starting
1781608196.388241 2026-06-16 13:09:56 MainProcess-75884 MainThread-8399593088 parsl.executors.high_throughput.executor:634 _start_result_queue_thread DEBUG: Started result queue thread: <Thread(HTEX-Result-Queue-Thread, started daemon 6209974272)>
1781608196.394791 2026-06-16 13:09:56 MainProcess-75884 MainThread-8399593088 parsl.executors.high_throughput.executor:606 _start_local_interchange_process DEBUG: Popened interchange process. Writing config object
1781608196.395109 2026-06-16 13:09:56 MainProcess-75884 MainThread-8399593088 parsl.executors.high_throughput.executor:610 _start_local_interchange_process DEBUG: Sent config object. Requesting worker ports
1781608196.395173 2026-06-16 13:09:56 MainProcess-75884 MainThread-8399593088 parsl.executors.high_throughput.zmq_pipes:77 run DEBUG: Sending command client command
1781608196.659622 2026-06-16 13:09:56 MainProcess-75884 MainThread-8399593088 parsl.executors.high_throughput.zmq_pipes:92 run DEBUG: Polling for command client response or timeout
1781608196.659880 2026-06-16 13:09:56 MainProcess-75884 MainThread-8399593088 parsl.executors.high_throughput.zmq_pipes:104 run DEBUG: Receiving command client response
1781608196.659922 2026-06-16 13:09:56 MainProcess-75884 MainThread-8399593088 parsl.executors.high_throughput.zmq_pipes:106 run DEBUG: Received command client response
1781608196.659948 2026-06-16 13:09:56 MainProcess-75884 MainThread-8399593088 parsl.executors.high_throughput.executor:616 _start_local_interchange_process DEBUG: Interchange process started (<Popen: returncode: None args: ['interchange.py']>).  Worker port: 54182
1781608196.660031 2026-06-16 13:09:56 MainProcess-75884 MainThread-8399593088 parsl.executors.high_throughput.executor:434 initialize_scaling DEBUG: Launch command: process_worker_pool.py   -a 127.0.0.1,78.91.96.174,10.218.118.107 -p 0 -c 1.0 -m None --poll 10 --port=54182 --cert_dir /Users/jakob/Documents/SINTEF/project/cytopipe/runinfo/001/htex_default_for_cytotable/certificates --logdir=/Users/jakob/Documents/SINTEF/project/cytopipe/runinfo/001/htex_default_for_cytotable --logconf=None --block_id={block_id} --hb_period=30  --hb_threshold=120 --drain_period=None --cpu-affinity none  --mpi-launcher=mpiexec --available-accelerators 
1781608196.660058 2026-06-16 13:09:56 MainProcess-75884 MainThread-8399593088 parsl.executors.high_throughput.executor:436 initialize_scaling DEBUG: Starting HighThroughputExecutor with provider:
LocalProvider(
    cmd_timeout=30, 
    init_blocks=1, 
    launcher=SingleNodeLauncher(debug=True, fail_on_any=False), 
    max_blocks=1, 
    min_blocks=0, 
    nodes_per_block=1, 
    parallelism=1, 
    worker_init=''
)
1781608196.662500 2026-06-16 13:09:56 MainProcess-75884 MainThread-8399593088 parsl.jobs.job_status_poller:30 add_executors DEBUG: Adding executor htex_default_for_cytotable
1781608196.687972 2026-06-16 13:09:56 MainProcess-75884 MainThread-8399593088 parsl.dataflow.dflow:953 submit DEBUG: Task 0 will be sent to executor htex_default_for_cytotable
1781608196.688057 2026-06-16 13:09:56 MainProcess-75884 MainThread-8399593088 parsl.dataflow.dflow:761 _add_output_deps DEBUG: Adding output dependencies
1781608196.688093 2026-06-16 13:09:56 MainProcess-75884 MainThread-8399593088 parsl.dataflow.dflow:1002 submit DEBUG: Added output dependencies
1781608196.688113 2026-06-16 13:09:56 MainProcess-75884 MainThread-8399593088 parsl.dataflow.dflow:1011 submit DEBUG: Gathering dependencies
1781608196.688143 2026-06-16 13:09:56 MainProcess-75884 MainThread-8399593088 parsl.dataflow.dflow:1014 submit DEBUG: Gathered dependencies
1781608196.688162 2026-06-16 13:09:56 MainProcess-75884 MainThread-8399593088 parsl.dataflow.dflow:1026 submit INFO: Task 0 submitted for App _get_table_keyset_pagination_sets, not waiting on any dependency
1781608196.688180 2026-06-16 13:09:56 MainProcess-75884 MainThread-8399593088 parsl.dataflow.dflow:1028 submit DEBUG: Task 0 has AppFuture: <AppFuture at 0x1115d35f0 state=pending>
1781608196.688210 2026-06-16 13:09:56 MainProcess-75884 MainThread-8399593088 parsl.dataflow.dflow:554 _update_task_state INFO: Task 0 initializing state to pending
1781608196.688328 2026-06-16 13:09:56 MainProcess-75884 Task-Launch_0-6226800640 parsl.dataflow.memoization:379 check_memo DEBUG: Task 0 will not be memoized
1781608196.688378 2026-06-16 13:09:56 MainProcess-75884 MainThread-8399593088 parsl.dataflow.dflow:953 submit DEBUG: Task 1 will be sent to executor htex_default_for_cytotable
1781608196.688424 2026-06-16 13:09:56 MainProcess-75884 Task-Launch_0-6226800640 parsl.executors.high_throughput.executor:717 submit DEBUG: Pushing function <function _get_table_keyset_pagination_sets at 0x1113b58a0> to queue with args ()
1781608196.688475 2026-06-16 13:09:56 MainProcess-75884 MainThread-8399593088 parsl.dataflow.dflow:761 _add_output_deps DEBUG: Adding output dependencies
1781608196.688664 2026-06-16 13:09:56 MainProcess-75884 Task-Launch_0-6226800640 parsl.executors.high_throughput.zmq_pipes:148 put DEBUG: Sending TasksOutgoing message
1781608196.688700 2026-06-16 13:09:56 MainProcess-75884 MainThread-8399593088 parsl.dataflow.dflow:1002 submit DEBUG: Added output dependencies
1781608196.688763 2026-06-16 13:09:56 MainProcess-75884 Task-Launch_0-6226800640 parsl.executors.high_throughput.zmq_pipes:150 put DEBUG: Sent TasksOutgoing message
1781608196.688793 2026-06-16 13:09:56 MainProcess-75884 MainThread-8399593088 parsl.dataflow.dflow:1011 submit DEBUG: Gathering dependencies
1781608196.688826 2026-06-16 13:09:56 MainProcess-75884 Task-Launch_0-6226800640 parsl.dataflow.dflow:552 _update_task_state INFO: Task 0 changing state from pending to launched
1781608196.688859 2026-06-16 13:09:56 MainProcess-75884 MainThread-8399593088 parsl.dataflow.dflow:1014 submit DEBUG: Gathered dependencies
1781608196.688889 2026-06-16 13:09:56 MainProcess-75884 Task-Launch_0-6226800640 parsl.dataflow.dflow:714 launch_task INFO: Parsl task 0 try 0 launched on executor htex_default_for_cytotable with executor id 1
1781608196.688923 2026-06-16 13:09:56 MainProcess-75884 MainThread-8399593088 parsl.dataflow.dflow:1026 submit INFO: Task 1 submitted for App _get_table_keyset_pagination_sets, not waiting on any dependency
1781608196.688957 2026-06-16 13:09:56 MainProcess-75884 Task-Launch_0-6226800640 parsl.dataflow.dflow:1209 log_std_stream INFO: Standard out for task 0 will not be redirected.
1781608196.689002 2026-06-16 13:09:56 MainProcess-75884 MainThread-8399593088 parsl.dataflow.dflow:1028 submit DEBUG: Task 1 has AppFuture: <AppFuture at 0x1183abc80 state=pending>
1781608196.689026 2026-06-16 13:09:56 MainProcess-75884 Task-Launch_0-6226800640 parsl.dataflow.dflow:1209 log_std_stream INFO: Standard error for task 0 will not be redirected.
1781608196.689058 2026-06-16 13:09:56 MainProcess-75884 MainThread-8399593088 parsl.dataflow.dflow:554 _update_task_state INFO: Task 1 initializing state to pending
1781608196.689092 2026-06-16 13:09:56 MainProcess-75884 Task-Launch_0-6226800640 parsl.process_loggers:27 wrapped DEBUG: Normal ending for _launch_if_ready_async on thread Task-Launch_0
1781608196.689182 2026-06-16 13:09:56 MainProcess-75884 Task-Launch_0-6226800640 parsl.dataflow.memoization:379 check_memo DEBUG: Task 1 will not be memoized
1781608196.689214 2026-06-16 13:09:56 MainProcess-75884 Task-Launch_0-6226800640 parsl.executors.high_throughput.executor:717 submit DEBUG: Pushing function <function _get_table_keyset_pagination_sets at 0x1113b58a0> to queue with args ()
1781608196.689305 2026-06-16 13:09:56 MainProcess-75884 Task-Launch_0-6226800640 parsl.executors.high_throughput.zmq_pipes:148 put DEBUG: Sending TasksOutgoing message
1781608196.689343 2026-06-16 13:09:56 MainProcess-75884 Task-Launch_0-6226800640 parsl.executors.high_throughput.zmq_pipes:150 put DEBUG: Sent TasksOutgoing message
1781608196.689370 2026-06-16 13:09:56 MainProcess-75884 Task-Launch_0-6226800640 parsl.dataflow.dflow:552 _update_task_state INFO: Task 1 changing state from pending to launched
1781608196.689389 2026-06-16 13:09:56 MainProcess-75884 Task-Launch_0-6226800640 parsl.dataflow.dflow:714 launch_task INFO: Parsl task 1 try 0 launched on executor htex_default_for_cytotable with executor id 2
1781608196.689408 2026-06-16 13:09:56 MainProcess-75884 Task-Launch_0-6226800640 parsl.dataflow.dflow:1209 log_std_stream INFO: Standard out for task 1 will not be redirected.
1781608196.689425 2026-06-16 13:09:56 MainProcess-75884 Task-Launch_0-6226800640 parsl.dataflow.dflow:1209 log_std_stream INFO: Standard error for task 1 will not be redirected.
1781608196.689444 2026-06-16 13:09:56 MainProcess-75884 Task-Launch_0-6226800640 parsl.process_loggers:27 wrapped DEBUG: Normal ending for _launch_if_ready_async on thread Task-Launch_0
1781608201.386107 2026-06-16 13:10:01 MainProcess-75884 JobStatusPoller-Timer-Thread-4703152048-6189707264 parsl.executors.high_throughput.zmq_pipes:77 run DEBUG: Sending command client command
1781608201.386767 2026-06-16 13:10:01 MainProcess-75884 JobStatusPoller-Timer-Thread-4703152048-6189707264 parsl.executors.high_throughput.zmq_pipes:104 run DEBUG: Receiving command client response
1781608201.387746 2026-06-16 13:10:01 MainProcess-75884 JobStatusPoller-Timer-Thread-4703152048-6189707264 parsl.executors.high_throughput.zmq_pipes:106 run DEBUG: Received command client response
1781608201.387960 2026-06-16 13:10:01 MainProcess-75884 JobStatusPoller-Timer-Thread-4703152048-6189707264 parsl.jobs.strategy:184 _general_strategy DEBUG: general strategy starting with strategy_type simple for 1 executors
1781608201.388046 2026-06-16 13:10:01 MainProcess-75884 JobStatusPoller-Timer-Thread-4703152048-6189707264 parsl.jobs.strategy:194 _general_strategy DEBUG: [Scaling executor htex_default_for_cytotable] Strategizing for executor
1781608201.388126 2026-06-16 13:10:01 MainProcess-75884 JobStatusPoller-Timer-Thread-4703152048-6189707264 parsl.jobs.strategy:197 _general_strategy DEBUG: [Scaling executor htex_default_for_cytotable] Scaling out 1 initial blocks
1781608201.388236 2026-06-16 13:10:01 MainProcess-75884 JobStatusPoller-Timer-Thread-4703152048-6189707264 parsl.executors.status_handling:207 scale_out_facade INFO: [Scaling executor htex_default_for_cytotable] Scaling out by 1 blocks
1781608201.388321 2026-06-16 13:10:01 MainProcess-75884 JobStatusPoller-Timer-Thread-4703152048-6189707264 parsl.executors.status_handling:210 scale_out_facade INFO: [Scaling executor htex_default_for_cytotable] Allocated block ID 0
1781608201.388399 2026-06-16 13:10:01 MainProcess-75884 JobStatusPoller-Timer-Thread-4703152048-6189707264 parsl.executors.status_handling:265 _launch_block DEBUG: [Scaling executor htex_default_for_cytotable] Submitting to provider with job_name parsl.htex_default_for_cytotable.block-0
1781608201.389523 2026-06-16 13:10:01 MainProcess-75884 JobStatusPoller-Timer-Thread-4703152048-6189707264 parsl.providers.local.local:208 submit DEBUG: Launching
1781608201.389729 2026-06-16 13:10:01 MainProcess-75884 JobStatusPoller-Timer-Thread-4703152048-6189707264 parsl.utils:498 execute_wait DEBUG: Creating process with command '/bin/bash -c 'echo - >/Users/jakob/Documents/SINTEF/project/cytopipe/runinfo/001/submit_scripts/parsl.htex_default_for_cytotable.block-0.1781608201.3884642.sh.ec && { { bash /Users/jakob/Documents/SINTEF/project/cytopipe/runinfo/001/submit_scripts/parsl.htex_default_for_cytotable.block-0.1781608201.3884642.sh 1>/Users/jakob/Documents/SINTEF/project/cytopipe/runinfo/001/submit_scripts/parsl.htex_default_for_cytotable.block-0.1781608201.3884642.sh.out 2>/Users/jakob/Documents/SINTEF/project/cytopipe/runinfo/001/submit_scripts/parsl.htex_default_for_cytotable.block-0.1781608201.3884642.sh.err ; echo $? > /Users/jakob/Documents/SINTEF/project/cytopipe/runinfo/001/submit_scripts/parsl.htex_default_for_cytotable.block-0.1781608201.3884642.sh.ec ; } >/dev/null 2>&1 & echo "PID:$!" ; }''
1781608201.401084 2026-06-16 13:10:01 MainProcess-75884 JobStatusPoller-Timer-Thread-4703152048-6189707264 parsl.utils:506 execute_wait DEBUG: Created process with pid 75950. Performing communicate
1781608201.412671 2026-06-16 13:10:01 MainProcess-75884 JobStatusPoller-Timer-Thread-4703152048-6189707264 parsl.utils:509 execute_wait DEBUG: Process 75950 returned 0
1781608201.412781 2026-06-16 13:10:01 MainProcess-75884 JobStatusPoller-Timer-Thread-4703152048-6189707264 parsl.utils:515 execute_wait DEBUG: Execution of command in process 75950 completed normally
1781608201.412943 2026-06-16 13:10:01 MainProcess-75884 JobStatusPoller-Timer-Thread-4703152048-6189707264 parsl.executors.status_handling:268 _launch_block DEBUG: [Scaling executor htex_default_for_cytotable] Launched block 0 with job ID 75951
1781608201.413098 2026-06-16 13:10:01 MainProcess-75884 JobStatusPoller-Timer-Thread-4703152048-6189707264 parsl.jobs.strategy:220 _general_strategy DEBUG: [Scaling executor htex_default_for_cytotable] Executor 2 active tasks, 1 active slots, and 0/1 running/pending blocks
1781608201.413146 2026-06-16 13:10:01 MainProcess-75884 JobStatusPoller-Timer-Thread-4703152048-6189707264 parsl.jobs.strategy:263 _general_strategy DEBUG: [Scaling executor htex_default_for_cytotable] Strategy case 2: slots are overloaded - (slot_ratio = active_slots/active_tasks) < parallelism
1781608201.413193 2026-06-16 13:10:01 MainProcess-75884 JobStatusPoller-Timer-Thread-4703152048-6189707264 parsl.jobs.strategy:269 _general_strategy DEBUG: [Scaling executor htex_default_for_cytotable] Strategy case 2a: active_blocks 1 >= max_blocks 1 so not scaling out
1781608201.413237 2026-06-16 13:10:01 MainProcess-75884 JobStatusPoller-Timer-Thread-4703152048-6189707264 parsl.process_loggers:27 wrapped DEBUG: Normal ending for _general_strategy on thread JobStatusPoller-Timer-Thread-4703152048
1781608202.771885 2026-06-16 13:10:02 MainProcess-75884 HTEX-Result-Queue-Thread-6209974272 parsl.executors.high_throughput.zmq_pipes:189 get DEBUG: Receiving ResultsIncoming multipart message
1781608202.772177 2026-06-16 13:10:02 MainProcess-75884 HTEX-Result-Queue-Thread-6209974272 parsl.dataflow.dflow:552 _update_task_state INFO: Task 0 changing state from launched to exec_done
1781608202.772241 2026-06-16 13:10:02 MainProcess-75884 HTEX-Result-Queue-Thread-6209974272 parsl.dataflow.dflow:1209 log_std_stream INFO: Standard out for task 0 will not be redirected.
1781608202.772278 2026-06-16 13:10:02 MainProcess-75884 HTEX-Result-Queue-Thread-6209974272 parsl.dataflow.dflow:1209 log_std_stream INFO: Standard error for task 0 will not be redirected.
1781608202.772363 2026-06-16 13:10:02 MainProcess-75884 HTEX-Result-Queue-Thread-6209974272 parsl.executors.high_throughput.zmq_pipes:189 get DEBUG: Receiving ResultsIncoming multipart message
1781608202.772411 2026-06-16 13:10:02 MainProcess-75884 HTEX-Result-Queue-Thread-6209974272 parsl.dataflow.dflow:552 _update_task_state INFO: Task 1 changing state from launched to exec_done
1781608202.772437 2026-06-16 13:10:02 MainProcess-75884 HTEX-Result-Queue-Thread-6209974272 parsl.dataflow.dflow:1209 log_std_stream INFO: Standard out for task 1 will not be redirected.
1781608202.772461 2026-06-16 13:10:02 MainProcess-75884 HTEX-Result-Queue-Thread-6209974272 parsl.dataflow.dflow:1209 log_std_stream INFO: Standard error for task 1 will not be redirected.
1781608202.772524 2026-06-16 13:10:02 MainProcess-75884 MainThread-8399593088 parsl.dataflow.dflow:953 submit DEBUG: Task 2 will be sent to executor htex_default_for_cytotable
1781608202.772640 2026-06-16 13:10:02 MainProcess-75884 MainThread-8399593088 parsl.dataflow.dflow:761 _add_output_deps DEBUG: Adding output dependencies
1781608202.772700 2026-06-16 13:10:02 MainProcess-75884 MainThread-8399593088 parsl.dataflow.dflow:1002 submit DEBUG: Added output dependencies
1781608202.772730 2026-06-16 13:10:02 MainProcess-75884 MainThread-8399593088 parsl.dataflow.dflow:1011 submit DEBUG: Gathering dependencies
1781608202.772762 2026-06-16 13:10:02 MainProcess-75884 MainThread-8399593088 parsl.dataflow.dflow:1014 submit DEBUG: Gathered dependencies
1781608202.772781 2026-06-16 13:10:02 MainProcess-75884 MainThread-8399593088 parsl.dataflow.dflow:1026 submit INFO: Task 2 submitted for App _get_table_columns_and_types, not waiting on any dependency
1781608202.772800 2026-06-16 13:10:02 MainProcess-75884 MainThread-8399593088 parsl.dataflow.dflow:1028 submit DEBUG: Task 2 has AppFuture: <AppFuture at 0x1185457c0 state=pending>
1781608202.772828 2026-06-16 13:10:02 MainProcess-75884 MainThread-8399593088 parsl.dataflow.dflow:554 _update_task_state INFO: Task 2 initializing state to pending
1781608202.772877 2026-06-16 13:10:02 MainProcess-75884 MainThread-8399593088 parsl.dataflow.dflow:953 submit DEBUG: Task 3 will be sent to executor htex_default_for_cytotable
1781608202.772922 2026-06-16 13:10:02 MainProcess-75884 MainThread-8399593088 parsl.dataflow.dflow:761 _add_output_deps DEBUG: Adding output dependencies
1781608202.772949 2026-06-16 13:10:02 MainProcess-75884 MainThread-8399593088 parsl.dataflow.dflow:1002 submit DEBUG: Added output dependencies
1781608202.772976 2026-06-16 13:10:02 MainProcess-75884 MainThread-8399593088 parsl.dataflow.dflow:1011 submit DEBUG: Gathering dependencies
1781608202.773003 2026-06-16 13:10:02 MainProcess-75884 MainThread-8399593088 parsl.dataflow.dflow:1014 submit DEBUG: Gathered dependencies
1781608202.773029 2026-06-16 13:10:02 MainProcess-75884 MainThread-8399593088 parsl.dataflow.dflow:1026 submit INFO: Task 3 submitted for App _prep_cast_column_data_types, waiting on task 2
1781608202.773055 2026-06-16 13:10:02 MainProcess-75884 MainThread-8399593088 parsl.dataflow.dflow:1028 submit DEBUG: Task 3 has AppFuture: <AppFuture at 0x118546bd0 state=pending>
1781608202.773082 2026-06-16 13:10:02 MainProcess-75884 MainThread-8399593088 parsl.dataflow.dflow:554 _update_task_state INFO: Task 3 initializing state to pending
1781608202.773129 2026-06-16 13:10:02 MainProcess-75884 MainThread-8399593088 parsl.dataflow.dflow:953 submit DEBUG: Task 4 will be sent to executor htex_default_for_cytotable
1781608202.773159 2026-06-16 13:10:02 MainProcess-75884 MainThread-8399593088 parsl.dataflow.dflow:761 _add_output_deps DEBUG: Adding output dependencies
1781608202.773184 2026-06-16 13:10:02 MainProcess-75884 MainThread-8399593088 parsl.dataflow.dflow:1002 submit DEBUG: Added output dependencies
1781608202.773240 2026-06-16 13:10:02 MainProcess-75884 Task-Launch_0-6226800640 parsl.dataflow.memoization:379 check_memo DEBUG: Task 2 will not be memoized
1781608202.773280 2026-06-16 13:10:02 MainProcess-75884 MainThread-8399593088 parsl.dataflow.dflow:1011 submit DEBUG: Gathering dependencies
1781608202.773340 2026-06-16 13:10:02 MainProcess-75884 Task-Launch_0-6226800640 parsl.executors.high_throughput.executor:717 submit DEBUG: Pushing function <function _get_table_columns_and_types at 0x1113b4900> to queue with args ()
1781608202.773381 2026-06-16 13:10:02 MainProcess-75884 MainThread-8399593088 parsl.dataflow.dflow:1014 submit DEBUG: Gathered dependencies
1781608202.773595 2026-06-16 13:10:02 MainProcess-75884 Task-Launch_0-6226800640 parsl.executors.high_throughput.zmq_pipes:148 put DEBUG: Sending TasksOutgoing message
1781608202.773631 2026-06-16 13:10:02 MainProcess-75884 MainThread-8399593088 parsl.dataflow.dflow:1026 submit INFO: Task 4 submitted for App _get_table_columns_and_types, not waiting on any dependency
1781608202.773704 2026-06-16 13:10:02 MainProcess-75884 MainThread-8399593088 parsl.dataflow.dflow:1028 submit DEBUG: Task 4 has AppFuture: <AppFuture at 0x118544a70 state=pending>
1781608202.773742 2026-06-16 13:10:02 MainProcess-75884 MainThread-8399593088 parsl.dataflow.dflow:554 _update_task_state INFO: Task 4 initializing state to pending
1781608202.773786 2026-06-16 13:10:02 MainProcess-75884 MainThread-8399593088 parsl.dataflow.dflow:953 submit DEBUG: Task 5 will be sent to executor htex_default_for_cytotable
1781608202.773829 2026-06-16 13:10:02 MainProcess-75884 MainThread-8399593088 parsl.dataflow.dflow:761 _add_output_deps DEBUG: Adding output dependencies
1781608202.773861 2026-06-16 13:10:02 MainProcess-75884 MainThread-8399593088 parsl.dataflow.dflow:1002 submit DEBUG: Added output dependencies
1781608202.773889 2026-06-16 13:10:02 MainProcess-75884 MainThread-8399593088 parsl.dataflow.dflow:1011 submit DEBUG: Gathering dependencies
1781608202.773918 2026-06-16 13:10:02 MainProcess-75884 MainThread-8399593088 parsl.dataflow.dflow:1014 submit DEBUG: Gathered dependencies
1781608202.773944 2026-06-16 13:10:02 MainProcess-75884 MainThread-8399593088 parsl.dataflow.dflow:1026 submit INFO: Task 5 submitted for App _prep_cast_column_data_types, waiting on task 4
1781608202.773979 2026-06-16 13:10:02 MainProcess-75884 MainThread-8399593088 parsl.dataflow.dflow:1028 submit DEBUG: Task 5 has AppFuture: <AppFuture at 0x118547b60 state=pending>
1781608202.774010 2026-06-16 13:10:02 MainProcess-75884 MainThread-8399593088 parsl.dataflow.dflow:554 _update_task_state INFO: Task 5 initializing state to pending
1781608202.774062 2026-06-16 13:10:02 MainProcess-75884 Task-Launch_0-6226800640 parsl.executors.high_throughput.zmq_pipes:150 put DEBUG: Sent TasksOutgoing message
1781608202.774085 2026-06-16 13:10:02 MainProcess-75884 Task-Launch_0-6226800640 parsl.dataflow.dflow:552 _update_task_state INFO: Task 2 changing state from pending to launched
1781608202.774104 2026-06-16 13:10:02 MainProcess-75884 Task-Launch_0-6226800640 parsl.dataflow.dflow:714 launch_task INFO: Parsl task 2 try 0 launched on executor htex_default_for_cytotable with executor id 3
1781608202.774121 2026-06-16 13:10:02 MainProcess-75884 Task-Launch_0-6226800640 parsl.dataflow.dflow:1209 log_std_stream INFO: Standard out for task 2 will not be redirected.
1781608202.774138 2026-06-16 13:10:02 MainProcess-75884 Task-Launch_0-6226800640 parsl.dataflow.dflow:1209 log_std_stream INFO: Standard error for task 2 will not be redirected.
1781608202.774157 2026-06-16 13:10:02 MainProcess-75884 Task-Launch_0-6226800640 parsl.process_loggers:27 wrapped DEBUG: Normal ending for _launch_if_ready_async on thread Task-Launch_0
1781608202.774189 2026-06-16 13:10:02 MainProcess-75884 Task-Launch_0-6226800640 parsl.dataflow.dflow:611 _launch_if_ready_async DEBUG: Task 3 has outstanding dependencies, so launch_if_ready skipping
1781608202.774207 2026-06-16 13:10:02 MainProcess-75884 Task-Launch_0-6226800640 parsl.process_loggers:27 wrapped DEBUG: Normal ending for _launch_if_ready_async on thread Task-Launch_0
1781608202.774230 2026-06-16 13:10:02 MainProcess-75884 Task-Launch_0-6226800640 parsl.dataflow.memoization:379 check_memo DEBUG: Task 4 will not be memoized
1781608202.774252 2026-06-16 13:10:02 MainProcess-75884 Task-Launch_0-6226800640 parsl.executors.high_throughput.executor:717 submit DEBUG: Pushing function <function _get_table_columns_and_types at 0x1113b4900> to queue with args ()
1781608202.774377 2026-06-16 13:10:02 MainProcess-75884 Task-Launch_0-6226800640 parsl.executors.high_throughput.zmq_pipes:148 put DEBUG: Sending TasksOutgoing message
1781608202.774408 2026-06-16 13:10:02 MainProcess-75884 Task-Launch_0-6226800640 parsl.executors.high_throughput.zmq_pipes:150 put DEBUG: Sent TasksOutgoing message
1781608202.774432 2026-06-16 13:10:02 MainProcess-75884 Task-Launch_0-6226800640 parsl.dataflow.dflow:552 _update_task_state INFO: Task 4 changing state from pending to launched
1781608202.774451 2026-06-16 13:10:02 MainProcess-75884 Task-Launch_0-6226800640 parsl.dataflow.dflow:714 launch_task INFO: Parsl task 4 try 0 launched on executor htex_default_for_cytotable with executor id 4
1781608202.774473 2026-06-16 13:10:02 MainProcess-75884 Task-Launch_0-6226800640 parsl.dataflow.dflow:1209 log_std_stream INFO: Standard out for task 4 will not be redirected.
1781608202.774489 2026-06-16 13:10:02 MainProcess-75884 Task-Launch_0-6226800640 parsl.dataflow.dflow:1209 log_std_stream INFO: Standard error for task 4 will not be redirected.
1781608202.774506 2026-06-16 13:10:02 MainProcess-75884 Task-Launch_0-6226800640 parsl.process_loggers:27 wrapped DEBUG: Normal ending for _launch_if_ready_async on thread Task-Launch_0
1781608202.774528 2026-06-16 13:10:02 MainProcess-75884 Task-Launch_0-6226800640 parsl.dataflow.dflow:611 _launch_if_ready_async DEBUG: Task 5 has outstanding dependencies, so launch_if_ready skipping
1781608202.774546 2026-06-16 13:10:02 MainProcess-75884 Task-Launch_0-6226800640 parsl.process_loggers:27 wrapped DEBUG: Normal ending for _launch_if_ready_async on thread Task-Launch_0
1781608202.775978 2026-06-16 13:10:02 MainProcess-75884 HTEX-Result-Queue-Thread-6209974272 parsl.executors.high_throughput.zmq_pipes:189 get DEBUG: Receiving ResultsIncoming multipart message
1781608202.776037 2026-06-16 13:10:02 MainProcess-75884 HTEX-Result-Queue-Thread-6209974272 parsl.dataflow.dflow:552 _update_task_state INFO: Task 4 changing state from launched to exec_done
1781608202.776068 2026-06-16 13:10:02 MainProcess-75884 HTEX-Result-Queue-Thread-6209974272 parsl.dataflow.dflow:1209 log_std_stream INFO: Standard out for task 4 will not be redirected.
1781608202.776093 2026-06-16 13:10:02 MainProcess-75884 HTEX-Result-Queue-Thread-6209974272 parsl.dataflow.dflow:1209 log_std_stream INFO: Standard error for task 4 will not be redirected.
1781608202.776144 2026-06-16 13:10:02 MainProcess-75884 Task-Launch_0-6226800640 parsl.dataflow.memoization:379 check_memo DEBUG: Task 5 will not be memoized
1781608202.776181 2026-06-16 13:10:02 MainProcess-75884 Task-Launch_0-6226800640 parsl.executors.high_throughput.executor:717 submit DEBUG: Pushing function <function _prep_cast_column_data_types at 0x1113b53a0> to queue with args ()
1781608202.776242 2026-06-16 13:10:02 MainProcess-75884 Task-Launch_0-6226800640 parsl.executors.high_throughput.zmq_pipes:148 put DEBUG: Sending TasksOutgoing message
1781608202.776270 2026-06-16 13:10:02 MainProcess-75884 Task-Launch_0-6226800640 parsl.executors.high_throughput.zmq_pipes:150 put DEBUG: Sent TasksOutgoing message
1781608202.776296 2026-06-16 13:10:02 MainProcess-75884 Task-Launch_0-6226800640 parsl.dataflow.dflow:552 _update_task_state INFO: Task 5 changing state from pending to launched
1781608202.776316 2026-06-16 13:10:02 MainProcess-75884 Task-Launch_0-6226800640 parsl.dataflow.dflow:714 launch_task INFO: Parsl task 5 try 0 launched on executor htex_default_for_cytotable with executor id 5
1781608202.776336 2026-06-16 13:10:02 MainProcess-75884 Task-Launch_0-6226800640 parsl.dataflow.dflow:1209 log_std_stream INFO: Standard out for task 5 will not be redirected.
1781608202.776355 2026-06-16 13:10:02 MainProcess-75884 Task-Launch_0-6226800640 parsl.dataflow.dflow:1209 log_std_stream INFO: Standard error for task 5 will not be redirected.
1781608202.776374 2026-06-16 13:10:02 MainProcess-75884 Task-Launch_0-6226800640 parsl.process_loggers:27 wrapped DEBUG: Normal ending for _launch_if_ready_async on thread Task-Launch_0
1781608202.777448 2026-06-16 13:10:02 MainProcess-75884 HTEX-Result-Queue-Thread-6209974272 parsl.executors.high_throughput.zmq_pipes:189 get DEBUG: Receiving ResultsIncoming multipart message
1781608202.777500 2026-06-16 13:10:02 MainProcess-75884 HTEX-Result-Queue-Thread-6209974272 parsl.dataflow.dflow:552 _update_task_state INFO: Task 5 changing state from launched to exec_done
1781608202.777526 2026-06-16 13:10:02 MainProcess-75884 HTEX-Result-Queue-Thread-6209974272 parsl.dataflow.dflow:1209 log_std_stream INFO: Standard out for task 5 will not be redirected.
1781608202.777545 2026-06-16 13:10:02 MainProcess-75884 HTEX-Result-Queue-Thread-6209974272 parsl.dataflow.dflow:1209 log_std_stream INFO: Standard error for task 5 will not be redirected.
1781608203.098438 2026-06-16 13:10:03 MainProcess-75884 HTEX-Result-Queue-Thread-6209974272 parsl.executors.high_throughput.zmq_pipes:189 get DEBUG: Receiving ResultsIncoming multipart message
1781608203.098560 2026-06-16 13:10:03 MainProcess-75884 HTEX-Result-Queue-Thread-6209974272 parsl.dataflow.dflow:552 _update_task_state INFO: Task 2 changing state from launched to exec_done
1781608203.098611 2026-06-16 13:10:03 MainProcess-75884 HTEX-Result-Queue-Thread-6209974272 parsl.dataflow.dflow:1209 log_std_stream INFO: Standard out for task 2 will not be redirected.
1781608203.098642 2026-06-16 13:10:03 MainProcess-75884 HTEX-Result-Queue-Thread-6209974272 parsl.dataflow.dflow:1209 log_std_stream INFO: Standard error for task 2 will not be redirected.
1781608203.098699 2026-06-16 13:10:03 MainProcess-75884 Task-Launch_0-6226800640 parsl.dataflow.memoization:379 check_memo DEBUG: Task 3 will not be memoized
1781608203.098737 2026-06-16 13:10:03 MainProcess-75884 Task-Launch_0-6226800640 parsl.executors.high_throughput.executor:717 submit DEBUG: Pushing function <function _prep_cast_column_data_types at 0x1113b53a0> to queue with args ()
1781608203.098812 2026-06-16 13:10:03 MainProcess-75884 Task-Launch_0-6226800640 parsl.executors.high_throughput.zmq_pipes:148 put DEBUG: Sending TasksOutgoing message
1781608203.098859 2026-06-16 13:10:03 MainProcess-75884 Task-Launch_0-6226800640 parsl.executors.high_throughput.zmq_pipes:150 put DEBUG: Sent TasksOutgoing message
1781608203.098884 2026-06-16 13:10:03 MainProcess-75884 Task-Launch_0-6226800640 parsl.dataflow.dflow:552 _update_task_state INFO: Task 3 changing state from pending to launched
1781608203.098903 2026-06-16 13:10:03 MainProcess-75884 Task-Launch_0-6226800640 parsl.dataflow.dflow:714 launch_task INFO: Parsl task 3 try 0 launched on executor htex_default_for_cytotable with executor id 6
1781608203.098921 2026-06-16 13:10:03 MainProcess-75884 Task-Launch_0-6226800640 parsl.dataflow.dflow:1209 log_std_stream INFO: Standard out for task 3 will not be redirected.
1781608203.098938 2026-06-16 13:10:03 MainProcess-75884 Task-Launch_0-6226800640 parsl.dataflow.dflow:1209 log_std_stream INFO: Standard error for task 3 will not be redirected.
1781608203.098957 2026-06-16 13:10:03 MainProcess-75884 Task-Launch_0-6226800640 parsl.process_loggers:27 wrapped DEBUG: Normal ending for _launch_if_ready_async on thread Task-Launch_0
1781608203.100146 2026-06-16 13:10:03 MainProcess-75884 HTEX-Result-Queue-Thread-6209974272 parsl.executors.high_throughput.zmq_pipes:189 get DEBUG: Receiving ResultsIncoming multipart message
1781608203.100195 2026-06-16 13:10:03 MainProcess-75884 HTEX-Result-Queue-Thread-6209974272 parsl.dataflow.dflow:552 _update_task_state INFO: Task 3 changing state from launched to exec_done
1781608203.100221 2026-06-16 13:10:03 MainProcess-75884 HTEX-Result-Queue-Thread-6209974272 parsl.dataflow.dflow:1209 log_std_stream INFO: Standard out for task 3 will not be redirected.
1781608203.100250 2026-06-16 13:10:03 MainProcess-75884 HTEX-Result-Queue-Thread-6209974272 parsl.dataflow.dflow:1209 log_std_stream INFO: Standard error for task 3 will not be redirected.
1781608203.100303 2026-06-16 13:10:03 MainProcess-75884 MainThread-8399593088 parsl.dataflow.dflow:953 submit DEBUG: Task 6 will be sent to executor htex_default_for_cytotable
1781608203.100343 2026-06-16 13:10:03 MainProcess-75884 MainThread-8399593088 parsl.dataflow.dflow:761 _add_output_deps DEBUG: Adding output dependencies
1781608203.100362 2026-06-16 13:10:03 MainProcess-75884 MainThread-8399593088 parsl.dataflow.dflow:1002 submit DEBUG: Added output dependencies
1781608203.100379 2026-06-16 13:10:03 MainProcess-75884 MainThread-8399593088 parsl.dataflow.dflow:1011 submit DEBUG: Gathering dependencies
1781608203.100398 2026-06-16 13:10:03 MainProcess-75884 MainThread-8399593088 parsl.dataflow.dflow:1014 submit DEBUG: Gathered dependencies
1781608203.100424 2026-06-16 13:10:03 MainProcess-75884 MainThread-8399593088 parsl.dataflow.dflow:1026 submit INFO: Task 6 submitted for App _set_tablenumber, not waiting on any dependency
1781608203.100441 2026-06-16 13:10:03 MainProcess-75884 MainThread-8399593088 parsl.dataflow.dflow:1028 submit DEBUG: Task 6 has AppFuture: <AppFuture at 0x1184fc710 state=pending>
1781608203.100469 2026-06-16 13:10:03 MainProcess-75884 MainThread-8399593088 parsl.dataflow.dflow:554 _update_task_state INFO: Task 6 initializing state to pending
1781608203.100520 2026-06-16 13:10:03 MainProcess-75884 Task-Launch_0-6226800640 parsl.dataflow.memoization:379 check_memo DEBUG: Task 6 will not be memoized
1781608203.100571 2026-06-16 13:10:03 MainProcess-75884 Task-Launch_0-6226800640 parsl.executors.high_throughput.executor:717 submit DEBUG: Pushing function <function _set_tablenumber at 0x1113b5620> to queue with args ()
1781608203.100730 2026-06-16 13:10:03 MainProcess-75884 Task-Launch_0-6226800640 parsl.executors.high_throughput.zmq_pipes:148 put DEBUG: Sending TasksOutgoing message
1781608203.100768 2026-06-16 13:10:03 MainProcess-75884 Task-Launch_0-6226800640 parsl.executors.high_throughput.zmq_pipes:150 put DEBUG: Sent TasksOutgoing message
1781608203.100796 2026-06-16 13:10:03 MainProcess-75884 Task-Launch_0-6226800640 parsl.dataflow.dflow:552 _update_task_state INFO: Task 6 changing state from pending to launched
1781608203.100817 2026-06-16 13:10:03 MainProcess-75884 Task-Launch_0-6226800640 parsl.dataflow.dflow:714 launch_task INFO: Parsl task 6 try 0 launched on executor htex_default_for_cytotable with executor id 7
1781608203.100836 2026-06-16 13:10:03 MainProcess-75884 Task-Launch_0-6226800640 parsl.dataflow.dflow:1209 log_std_stream INFO: Standard out for task 6 will not be redirected.
1781608203.100853 2026-06-16 13:10:03 MainProcess-75884 Task-Launch_0-6226800640 parsl.dataflow.dflow:1209 log_std_stream INFO: Standard error for task 6 will not be redirected.
1781608203.100872 2026-06-16 13:10:03 MainProcess-75884 Task-Launch_0-6226800640 parsl.process_loggers:27 wrapped DEBUG: Normal ending for _launch_if_ready_async on thread Task-Launch_0
1781608203.102472 2026-06-16 13:10:03 MainProcess-75884 HTEX-Result-Queue-Thread-6209974272 parsl.executors.high_throughput.zmq_pipes:189 get DEBUG: Receiving ResultsIncoming multipart message
1781608203.102544 2026-06-16 13:10:03 MainProcess-75884 HTEX-Result-Queue-Thread-6209974272 parsl.dataflow.dflow:552 _update_task_state INFO: Task 6 changing state from launched to exec_done
1781608203.102568 2026-06-16 13:10:03 MainProcess-75884 HTEX-Result-Queue-Thread-6209974272 parsl.dataflow.dflow:1209 log_std_stream INFO: Standard out for task 6 will not be redirected.
1781608203.102609 2026-06-16 13:10:03 MainProcess-75884 HTEX-Result-Queue-Thread-6209974272 parsl.dataflow.dflow:1209 log_std_stream INFO: Standard error for task 6 will not be redirected.
1781608203.102681 2026-06-16 13:10:03 MainProcess-75884 MainThread-8399593088 parsl.dataflow.dflow:953 submit DEBUG: Task 7 will be sent to executor htex_default_for_cytotable
1781608203.102721 2026-06-16 13:10:03 MainProcess-75884 MainThread-8399593088 parsl.dataflow.dflow:761 _add_output_deps DEBUG: Adding output dependencies
1781608203.102740 2026-06-16 13:10:03 MainProcess-75884 MainThread-8399593088 parsl.dataflow.dflow:1002 submit DEBUG: Added output dependencies
1781608203.102757 2026-06-16 13:10:03 MainProcess-75884 MainThread-8399593088 parsl.dataflow.dflow:1011 submit DEBUG: Gathering dependencies
1781608203.102781 2026-06-16 13:10:03 MainProcess-75884 MainThread-8399593088 parsl.dataflow.dflow:1014 submit DEBUG: Gathered dependencies
1781608203.102798 2026-06-16 13:10:03 MainProcess-75884 MainThread-8399593088 parsl.dataflow.dflow:1026 submit INFO: Task 7 submitted for App _source_pageset_to_parquet, not waiting on any dependency
1781608203.102817 2026-06-16 13:10:03 MainProcess-75884 MainThread-8399593088 parsl.dataflow.dflow:1028 submit DEBUG: Task 7 has AppFuture: <AppFuture at 0x1184fd400 state=pending>
1781608203.102837 2026-06-16 13:10:03 MainProcess-75884 MainThread-8399593088 parsl.dataflow.dflow:554 _update_task_state INFO: Task 7 initializing state to pending
1781608203.102883 2026-06-16 13:10:03 MainProcess-75884 MainThread-8399593088 parsl.dataflow.dflow:953 submit DEBUG: Task 8 will be sent to executor htex_default_for_cytotable
1781608203.102922 2026-06-16 13:10:03 MainProcess-75884 MainThread-8399593088 parsl.dataflow.dflow:761 _add_output_deps DEBUG: Adding output dependencies
1781608203.102950 2026-06-16 13:10:03 MainProcess-75884 MainThread-8399593088 parsl.dataflow.dflow:1002 submit DEBUG: Added output dependencies
1781608203.102974 2026-06-16 13:10:03 MainProcess-75884 MainThread-8399593088 parsl.dataflow.dflow:1011 submit DEBUG: Gathering dependencies
1781608203.103003 2026-06-16 13:10:03 MainProcess-75884 MainThread-8399593088 parsl.dataflow.dflow:1014 submit DEBUG: Gathered dependencies
1781608203.103040 2026-06-16 13:10:03 MainProcess-75884 MainThread-8399593088 parsl.dataflow.dflow:1026 submit INFO: Task 8 submitted for App _prepend_column_name, waiting on task 7
1781608203.103065 2026-06-16 13:10:03 MainProcess-75884 MainThread-8399593088 parsl.dataflow.dflow:1028 submit DEBUG: Task 8 has AppFuture: <AppFuture at 0x1184fd040 state=pending>
1781608203.103089 2026-06-16 13:10:03 MainProcess-75884 MainThread-8399593088 parsl.dataflow.dflow:554 _update_task_state INFO: Task 8 initializing state to pending
1781608203.103124 2026-06-16 13:10:03 MainProcess-75884 MainThread-8399593088 parsl.dataflow.dflow:953 submit DEBUG: Task 9 will be sent to executor htex_default_for_cytotable
1781608203.127066 2026-06-16 13:10:03 MainProcess-75884 Task-Launch_0-6226800640 parsl.dataflow.memoization:379 check_memo DEBUG: Task 7 will not be memoized
1781608203.127105 2026-06-16 13:10:03 MainProcess-75884 MainThread-8399593088 parsl.dataflow.dflow:761 _add_output_deps DEBUG: Adding output dependencies
1781608203.127154 2026-06-16 13:10:03 MainProcess-75884 Task-Launch_0-6226800640 parsl.executors.high_throughput.executor:717 submit DEBUG: Pushing function <function _source_pageset_to_parquet at 0x1113b5b20> to queue with args ()
1781608203.127205 2026-06-16 13:10:03 MainProcess-75884 MainThread-8399593088 parsl.dataflow.dflow:1002 submit DEBUG: Added output dependencies
1781608203.127411 2026-06-16 13:10:03 MainProcess-75884 Task-Launch_0-6226800640 parsl.executors.high_throughput.zmq_pipes:148 put DEBUG: Sending TasksOutgoing message
1781608203.127459 2026-06-16 13:10:03 MainProcess-75884 MainThread-8399593088 parsl.dataflow.dflow:1011 submit DEBUG: Gathering dependencies
1781608203.127547 2026-06-16 13:10:03 MainProcess-75884 MainThread-8399593088 parsl.dataflow.dflow:1014 submit DEBUG: Gathered dependencies
1781608203.127577 2026-06-16 13:10:03 MainProcess-75884 MainThread-8399593088 parsl.dataflow.dflow:1026 submit INFO: Task 9 submitted for App _source_pageset_to_parquet, not waiting on any dependency
1781608203.127604 2026-06-16 13:10:03 MainProcess-75884 MainThread-8399593088 parsl.dataflow.dflow:1028 submit DEBUG: Task 9 has AppFuture: <AppFuture at 0x1184fdc40 state=pending>
1781608203.127638 2026-06-16 13:10:03 MainProcess-75884 MainThread-8399593088 parsl.dataflow.dflow:554 _update_task_state INFO: Task 9 initializing state to pending
1781608203.127685 2026-06-16 13:10:03 MainProcess-75884 MainThread-8399593088 parsl.dataflow.dflow:953 submit DEBUG: Task 10 will be sent to executor htex_default_for_cytotable
1781608203.127727 2026-06-16 13:10:03 MainProcess-75884 MainThread-8399593088 parsl.dataflow.dflow:761 _add_output_deps DEBUG: Adding output dependencies
1781608203.127757 2026-06-16 13:10:03 MainProcess-75884 MainThread-8399593088 parsl.dataflow.dflow:1002 submit DEBUG: Added output dependencies
1781608203.127784 2026-06-16 13:10:03 MainProcess-75884 MainThread-8399593088 parsl.dataflow.dflow:1011 submit DEBUG: Gathering dependencies
1781608203.127818 2026-06-16 13:10:03 MainProcess-75884 MainThread-8399593088 parsl.dataflow.dflow:1014 submit DEBUG: Gathered dependencies
1781608203.127841 2026-06-16 13:10:03 MainProcess-75884 Task-Launch_0-6226800640 parsl.executors.high_throughput.zmq_pipes:150 put DEBUG: Sent TasksOutgoing message
1781608203.127892 2026-06-16 13:10:03 MainProcess-75884 MainThread-8399593088 parsl.dataflow.dflow:1026 submit INFO: Task 10 submitted for App _prepend_column_name, waiting on task 9
1781608203.127931 2026-06-16 13:10:03 MainProcess-75884 Task-Launch_0-6226800640 parsl.dataflow.dflow:552 _update_task_state INFO: Task 7 changing state from pending to launched
1781608203.127973 2026-06-16 13:10:03 MainProcess-75884 MainThread-8399593088 parsl.dataflow.dflow:1028 submit DEBUG: Task 10 has AppFuture: <AppFuture at 0x1183aa6f0 state=pending>
1781608203.128021 2026-06-16 13:10:03 MainProcess-75884 Task-Launch_0-6226800640 parsl.dataflow.dflow:714 launch_task INFO: Parsl task 7 try 0 launched on executor htex_default_for_cytotable with executor id 8
1781608203.128059 2026-06-16 13:10:03 MainProcess-75884 MainThread-8399593088 parsl.dataflow.dflow:554 _update_task_state INFO: Task 10 initializing state to pending
1781608203.128089 2026-06-16 13:10:03 MainProcess-75884 Task-Launch_0-6226800640 parsl.dataflow.dflow:1209 log_std_stream INFO: Standard out for task 7 will not be redirected.
1781608203.128179 2026-06-16 13:10:03 MainProcess-75884 Task-Launch_0-6226800640 parsl.dataflow.dflow:1209 log_std_stream INFO: Standard error for task 7 will not be redirected.
1781608203.128204 2026-06-16 13:10:03 MainProcess-75884 Task-Launch_0-6226800640 parsl.process_loggers:27 wrapped DEBUG: Normal ending for _launch_if_ready_async on thread Task-Launch_0
1781608203.128232 2026-06-16 13:10:03 MainProcess-75884 Task-Launch_0-6226800640 parsl.dataflow.dflow:611 _launch_if_ready_async DEBUG: Task 8 has outstanding dependencies, so launch_if_ready skipping
1781608203.128253 2026-06-16 13:10:03 MainProcess-75884 Task-Launch_0-6226800640 parsl.process_loggers:27 wrapped DEBUG: Normal ending for _launch_if_ready_async on thread Task-Launch_0
1781608203.128281 2026-06-16 13:10:03 MainProcess-75884 Task-Launch_0-6226800640 parsl.dataflow.memoization:379 check_memo DEBUG: Task 9 will not be memoized
1781608203.128303 2026-06-16 13:10:03 MainProcess-75884 Task-Launch_0-6226800640 parsl.executors.high_throughput.executor:717 submit DEBUG: Pushing function <function _source_pageset_to_parquet at 0x1113b5b20> to queue with args ()
1781608203.128446 2026-06-16 13:10:03 MainProcess-75884 Task-Launch_0-6226800640 parsl.executors.high_throughput.zmq_pipes:148 put DEBUG: Sending TasksOutgoing message
1781608203.128487 2026-06-16 13:10:03 MainProcess-75884 Task-Launch_0-6226800640 parsl.executors.high_throughput.zmq_pipes:150 put DEBUG: Sent TasksOutgoing message
1781608203.128514 2026-06-16 13:10:03 MainProcess-75884 Task-Launch_0-6226800640 parsl.dataflow.dflow:552 _update_task_state INFO: Task 9 changing state from pending to launched
1781608203.128539 2026-06-16 13:10:03 MainProcess-75884 Task-Launch_0-6226800640 parsl.dataflow.dflow:714 launch_task INFO: Parsl task 9 try 0 launched on executor htex_default_for_cytotable with executor id 9
1781608203.128559 2026-06-16 13:10:03 MainProcess-75884 Task-Launch_0-6226800640 parsl.dataflow.dflow:1209 log_std_stream INFO: Standard out for task 9 will not be redirected.
1781608203.128583 2026-06-16 13:10:03 MainProcess-75884 Task-Launch_0-6226800640 parsl.dataflow.dflow:1209 log_std_stream INFO: Standard error for task 9 will not be redirected.
1781608203.128602 2026-06-16 13:10:03 MainProcess-75884 Task-Launch_0-6226800640 parsl.process_loggers:27 wrapped DEBUG: Normal ending for _launch_if_ready_async on thread Task-Launch_0
1781608203.128640 2026-06-16 13:10:03 MainProcess-75884 Task-Launch_0-6226800640 parsl.dataflow.dflow:611 _launch_if_ready_async DEBUG: Task 10 has outstanding dependencies, so launch_if_ready skipping
1781608203.128660 2026-06-16 13:10:03 MainProcess-75884 Task-Launch_0-6226800640 parsl.process_loggers:27 wrapped DEBUG: Normal ending for _launch_if_ready_async on thread Task-Launch_0
1781608203.132750 2026-06-16 13:10:03 MainProcess-75884 HTEX-Result-Queue-Thread-6209974272 parsl.executors.high_throughput.zmq_pipes:189 get DEBUG: Receiving ResultsIncoming multipart message
1781608203.132835 2026-06-16 13:10:03 MainProcess-75884 HTEX-Result-Queue-Thread-6209974272 parsl.dataflow.dflow:552 _update_task_state INFO: Task 7 changing state from launched to exec_done
1781608203.132877 2026-06-16 13:10:03 MainProcess-75884 HTEX-Result-Queue-Thread-6209974272 parsl.dataflow.dflow:1209 log_std_stream INFO: Standard out for task 7 will not be redirected.
1781608203.132921 2026-06-16 13:10:03 MainProcess-75884 Task-Launch_0-6226800640 parsl.dataflow.memoization:379 check_memo DEBUG: Task 8 will not be memoized
1781608203.132959 2026-06-16 13:10:03 MainProcess-75884 HTEX-Result-Queue-Thread-6209974272 parsl.dataflow.dflow:1209 log_std_stream INFO: Standard error for task 7 will not be redirected.
1781608203.133000 2026-06-16 13:10:03 MainProcess-75884 Task-Launch_0-6226800640 parsl.executors.high_throughput.executor:717 submit DEBUG: Pushing function <function _prepend_column_name at 0x1113b5da0> to queue with args ()
1781608203.133112 2026-06-16 13:10:03 MainProcess-75884 Task-Launch_0-6226800640 parsl.executors.high_throughput.zmq_pipes:148 put DEBUG: Sending TasksOutgoing message
1781608203.133155 2026-06-16 13:10:03 MainProcess-75884 HTEX-Result-Queue-Thread-6209974272 parsl.executors.high_throughput.zmq_pipes:189 get DEBUG: Receiving ResultsIncoming multipart message
1781608203.133171 2026-06-16 13:10:03 MainProcess-75884 Task-Launch_0-6226800640 parsl.executors.high_throughput.zmq_pipes:150 put DEBUG: Sent TasksOutgoing message
1781608203.133249 2026-06-16 13:10:03 MainProcess-75884 HTEX-Result-Queue-Thread-6209974272 parsl.dataflow.dflow:552 _update_task_state INFO: Task 9 changing state from launched to exec_done
1781608203.133309 2026-06-16 13:10:03 MainProcess-75884 HTEX-Result-Queue-Thread-6209974272 parsl.dataflow.dflow:1209 log_std_stream INFO: Standard out for task 9 will not be redirected.
1781608203.133334 2026-06-16 13:10:03 MainProcess-75884 HTEX-Result-Queue-Thread-6209974272 parsl.dataflow.dflow:1209 log_std_stream INFO: Standard error for task 9 will not be redirected.
1781608203.133367 2026-06-16 13:10:03 MainProcess-75884 Task-Launch_0-6226800640 parsl.dataflow.dflow:552 _update_task_state INFO: Task 8 changing state from pending to launched
1781608203.133397 2026-06-16 13:10:03 MainProcess-75884 Task-Launch_0-6226800640 parsl.dataflow.dflow:714 launch_task INFO: Parsl task 8 try 0 launched on executor htex_default_for_cytotable with executor id 10
1781608203.133420 2026-06-16 13:10:03 MainProcess-75884 Task-Launch_0-6226800640 parsl.dataflow.dflow:1209 log_std_stream INFO: Standard out for task 8 will not be redirected.
1781608203.133442 2026-06-16 13:10:03 MainProcess-75884 Task-Launch_0-6226800640 parsl.dataflow.dflow:1209 log_std_stream INFO: Standard error for task 8 will not be redirected.
1781608203.133460 2026-06-16 13:10:03 MainProcess-75884 Task-Launch_0-6226800640 parsl.process_loggers:27 wrapped DEBUG: Normal ending for _launch_if_ready_async on thread Task-Launch_0
1781608203.133491 2026-06-16 13:10:03 MainProcess-75884 Task-Launch_0-6226800640 parsl.dataflow.memoization:379 check_memo DEBUG: Task 10 will not be memoized
1781608203.133516 2026-06-16 13:10:03 MainProcess-75884 Task-Launch_0-6226800640 parsl.executors.high_throughput.executor:717 submit DEBUG: Pushing function <function _prepend_column_name at 0x1113b5da0> to queue with args ()
1781608203.133576 2026-06-16 13:10:03 MainProcess-75884 Task-Launch_0-6226800640 parsl.executors.high_throughput.zmq_pipes:148 put DEBUG: Sending TasksOutgoing message
1781608203.133612 2026-06-16 13:10:03 MainProcess-75884 Task-Launch_0-6226800640 parsl.executors.high_throughput.zmq_pipes:150 put DEBUG: Sent TasksOutgoing message
1781608203.133637 2026-06-16 13:10:03 MainProcess-75884 Task-Launch_0-6226800640 parsl.dataflow.dflow:552 _update_task_state INFO: Task 10 changing state from pending to launched
1781608203.133661 2026-06-16 13:10:03 MainProcess-75884 Task-Launch_0-6226800640 parsl.dataflow.dflow:714 launch_task INFO: Parsl task 10 try 0 launched on executor htex_default_for_cytotable with executor id 11
1781608203.133683 2026-06-16 13:10:03 MainProcess-75884 Task-Launch_0-6226800640 parsl.dataflow.dflow:1209 log_std_stream INFO: Standard out for task 10 will not be redirected.
1781608203.133701 2026-06-16 13:10:03 MainProcess-75884 Task-Launch_0-6226800640 parsl.dataflow.dflow:1209 log_std_stream INFO: Standard error for task 10 will not be redirected.
1781608203.133720 2026-06-16 13:10:03 MainProcess-75884 Task-Launch_0-6226800640 parsl.process_loggers:27 wrapped DEBUG: Normal ending for _launch_if_ready_async on thread Task-Launch_0
1781608203.134795 2026-06-16 13:10:03 MainProcess-75884 HTEX-Result-Queue-Thread-6209974272 parsl.executors.high_throughput.zmq_pipes:189 get DEBUG: Receiving ResultsIncoming multipart message
1781608203.134867 2026-06-16 13:10:03 MainProcess-75884 HTEX-Result-Queue-Thread-6209974272 parsl.dataflow.dflow:552 _update_task_state INFO: Task 8 changing state from launched to exec_done
1781608203.134907 2026-06-16 13:10:03 MainProcess-75884 HTEX-Result-Queue-Thread-6209974272 parsl.dataflow.dflow:1209 log_std_stream INFO: Standard out for task 8 will not be redirected.
1781608203.134935 2026-06-16 13:10:03 MainProcess-75884 HTEX-Result-Queue-Thread-6209974272 parsl.dataflow.dflow:1209 log_std_stream INFO: Standard error for task 8 will not be redirected.
1781608203.135083 2026-06-16 13:10:03 MainProcess-75884 HTEX-Result-Queue-Thread-6209974272 parsl.executors.high_throughput.zmq_pipes:189 get DEBUG: Receiving ResultsIncoming multipart message
1781608203.135125 2026-06-16 13:10:03 MainProcess-75884 HTEX-Result-Queue-Thread-6209974272 parsl.dataflow.dflow:552 _update_task_state INFO: Task 10 changing state from launched to exec_done
1781608203.135154 2026-06-16 13:10:03 MainProcess-75884 HTEX-Result-Queue-Thread-6209974272 parsl.dataflow.dflow:1209 log_std_stream INFO: Standard out for task 10 will not be redirected.
1781608203.135177 2026-06-16 13:10:03 MainProcess-75884 MainThread-8399593088 parsl.dataflow.dflow:953 submit DEBUG: Task 11 will be sent to executor htex_default_for_cytotable
1781608203.135207 2026-06-16 13:10:03 MainProcess-75884 HTEX-Result-Queue-Thread-6209974272 parsl.dataflow.dflow:1209 log_std_stream INFO: Standard error for task 10 will not be redirected.
1781608203.135242 2026-06-16 13:10:03 MainProcess-75884 MainThread-8399593088 parsl.dataflow.dflow:761 _add_output_deps DEBUG: Adding output dependencies
1781608203.135291 2026-06-16 13:10:03 MainProcess-75884 MainThread-8399593088 parsl.dataflow.dflow:1002 submit DEBUG: Added output dependencies
1781608203.135309 2026-06-16 13:10:03 MainProcess-75884 MainThread-8399593088 parsl.dataflow.dflow:1011 submit DEBUG: Gathering dependencies
1781608203.135328 2026-06-16 13:10:03 MainProcess-75884 MainThread-8399593088 parsl.dataflow.dflow:1014 submit DEBUG: Gathered dependencies
1781608203.135346 2026-06-16 13:10:03 MainProcess-75884 MainThread-8399593088 parsl.dataflow.dflow:1026 submit INFO: Task 11 submitted for App _infer_source_group_common_schema, not waiting on any dependency
1781608203.135364 2026-06-16 13:10:03 MainProcess-75884 MainThread-8399593088 parsl.dataflow.dflow:1028 submit DEBUG: Task 11 has AppFuture: <AppFuture at 0x1184fe870 state=pending>
1781608203.135385 2026-06-16 13:10:03 MainProcess-75884 MainThread-8399593088 parsl.dataflow.dflow:554 _update_task_state INFO: Task 11 initializing state to pending
1781608203.135422 2026-06-16 13:10:03 MainProcess-75884 Task-Launch_0-6226800640 parsl.dataflow.memoization:379 check_memo DEBUG: Task 11 will not be memoized
1781608203.135446 2026-06-16 13:10:03 MainProcess-75884 Task-Launch_0-6226800640 parsl.executors.high_throughput.executor:717 submit DEBUG: Pushing function <function _infer_source_group_common_schema at 0x1113b6c00> to queue with args ()
1781608203.135582 2026-06-16 13:10:03 MainProcess-75884 Task-Launch_0-6226800640 parsl.executors.high_throughput.zmq_pipes:148 put DEBUG: Sending TasksOutgoing message
1781608203.135611 2026-06-16 13:10:03 MainProcess-75884 Task-Launch_0-6226800640 parsl.executors.high_throughput.zmq_pipes:150 put DEBUG: Sent TasksOutgoing message
1781608203.135635 2026-06-16 13:10:03 MainProcess-75884 Task-Launch_0-6226800640 parsl.dataflow.dflow:552 _update_task_state INFO: Task 11 changing state from pending to launched
1781608203.135654 2026-06-16 13:10:03 MainProcess-75884 Task-Launch_0-6226800640 parsl.dataflow.dflow:714 launch_task INFO: Parsl task 11 try 0 launched on executor htex_default_for_cytotable with executor id 12
1781608203.135671 2026-06-16 13:10:03 MainProcess-75884 Task-Launch_0-6226800640 parsl.dataflow.dflow:1209 log_std_stream INFO: Standard out for task 11 will not be redirected.
1781608203.135687 2026-06-16 13:10:03 MainProcess-75884 Task-Launch_0-6226800640 parsl.dataflow.dflow:1209 log_std_stream INFO: Standard error for task 11 will not be redirected.
1781608203.135706 2026-06-16 13:10:03 MainProcess-75884 Task-Launch_0-6226800640 parsl.process_loggers:27 wrapped DEBUG: Normal ending for _launch_if_ready_async on thread Task-Launch_0
1781608203.137425 2026-06-16 13:10:03 MainProcess-75884 HTEX-Result-Queue-Thread-6209974272 parsl.executors.high_throughput.zmq_pipes:189 get DEBUG: Receiving ResultsIncoming multipart message
1781608203.137483 2026-06-16 13:10:03 MainProcess-75884 HTEX-Result-Queue-Thread-6209974272 parsl.dataflow.dflow:552 _update_task_state INFO: Task 11 changing state from launched to exec_done
1781608203.137510 2026-06-16 13:10:03 MainProcess-75884 HTEX-Result-Queue-Thread-6209974272 parsl.dataflow.dflow:1209 log_std_stream INFO: Standard out for task 11 will not be redirected.
1781608203.137532 2026-06-16 13:10:03 MainProcess-75884 MainThread-8399593088 parsl.dataflow.dflow:953 submit DEBUG: Task 12 will be sent to executor htex_default_for_cytotable
1781608203.137560 2026-06-16 13:10:03 MainProcess-75884 HTEX-Result-Queue-Thread-6209974272 parsl.dataflow.dflow:1209 log_std_stream INFO: Standard error for task 11 will not be redirected.
1781608203.137605 2026-06-16 13:10:03 MainProcess-75884 MainThread-8399593088 parsl.dataflow.dflow:761 _add_output_deps DEBUG: Adding output dependencies
1781608203.137655 2026-06-16 13:10:03 MainProcess-75884 MainThread-8399593088 parsl.dataflow.dflow:1002 submit DEBUG: Added output dependencies
1781608203.137673 2026-06-16 13:10:03 MainProcess-75884 MainThread-8399593088 parsl.dataflow.dflow:1011 submit DEBUG: Gathering dependencies
1781608203.137694 2026-06-16 13:10:03 MainProcess-75884 MainThread-8399593088 parsl.dataflow.dflow:1014 submit DEBUG: Gathered dependencies
1781608203.137711 2026-06-16 13:10:03 MainProcess-75884 MainThread-8399593088 parsl.dataflow.dflow:1026 submit INFO: Task 12 submitted for App _concat_source_group, not waiting on any dependency
1781608203.137728 2026-06-16 13:10:03 MainProcess-75884 MainThread-8399593088 parsl.dataflow.dflow:1028 submit DEBUG: Task 12 has AppFuture: <AppFuture at 0x1184ff380 state=pending>
1781608203.137749 2026-06-16 13:10:03 MainProcess-75884 MainThread-8399593088 parsl.dataflow.dflow:554 _update_task_state INFO: Task 12 initializing state to pending
1781608203.137785 2026-06-16 13:10:03 MainProcess-75884 Task-Launch_0-6226800640 parsl.dataflow.memoization:379 check_memo DEBUG: Task 12 will not be memoized
1781608203.137810 2026-06-16 13:10:03 MainProcess-75884 Task-Launch_0-6226800640 parsl.executors.high_throughput.executor:717 submit DEBUG: Pushing function <function _concat_source_group at 0x1113b60c0> to queue with args ()
1781608203.138036 2026-06-16 13:10:03 MainProcess-75884 Task-Launch_0-6226800640 parsl.executors.high_throughput.zmq_pipes:148 put DEBUG: Sending TasksOutgoing message
1781608203.138086 2026-06-16 13:10:03 MainProcess-75884 Task-Launch_0-6226800640 parsl.executors.high_throughput.zmq_pipes:150 put DEBUG: Sent TasksOutgoing message
1781608203.138107 2026-06-16 13:10:03 MainProcess-75884 Task-Launch_0-6226800640 parsl.dataflow.dflow:552 _update_task_state INFO: Task 12 changing state from pending to launched
1781608203.138126 2026-06-16 13:10:03 MainProcess-75884 Task-Launch_0-6226800640 parsl.dataflow.dflow:714 launch_task INFO: Parsl task 12 try 0 launched on executor htex_default_for_cytotable with executor id 13
1781608203.138146 2026-06-16 13:10:03 MainProcess-75884 Task-Launch_0-6226800640 parsl.dataflow.dflow:1209 log_std_stream INFO: Standard out for task 12 will not be redirected.
1781608203.138164 2026-06-16 13:10:03 MainProcess-75884 Task-Launch_0-6226800640 parsl.dataflow.dflow:1209 log_std_stream INFO: Standard error for task 12 will not be redirected.
1781608203.138182 2026-06-16 13:10:03 MainProcess-75884 Task-Launch_0-6226800640 parsl.process_loggers:27 wrapped DEBUG: Normal ending for _launch_if_ready_async on thread Task-Launch_0
1781608203.160820 2026-06-16 13:10:03 MainProcess-75884 HTEX-Result-Queue-Thread-6209974272 parsl.executors.high_throughput.zmq_pipes:189 get DEBUG: Receiving ResultsIncoming multipart message
1781608203.160900 2026-06-16 13:10:03 MainProcess-75884 HTEX-Result-Queue-Thread-6209974272 parsl.dataflow.dflow:552 _update_task_state INFO: Task 12 changing state from launched to exec_done
1781608203.160931 2026-06-16 13:10:03 MainProcess-75884 HTEX-Result-Queue-Thread-6209974272 parsl.dataflow.dflow:1209 log_std_stream INFO: Standard out for task 12 will not be redirected.
1781608203.160962 2026-06-16 13:10:03 MainProcess-75884 HTEX-Result-Queue-Thread-6209974272 parsl.dataflow.dflow:1209 log_std_stream INFO: Standard error for task 12 will not be redirected.
1781608203.161003 2026-06-16 13:10:03 MainProcess-75884 MainThread-8399593088 parsl.dataflow.dflow:1134 cleanup INFO: DFK cleanup initiated
1781608203.161067 2026-06-16 13:10:03 MainProcess-75884 MainThread-8399593088 parsl.dataflow.dflow:1068 log_task_states INFO: Summary of tasks in DFK:
1781608203.161095 2026-06-16 13:10:03 MainProcess-75884 MainThread-8399593088 parsl.dataflow.dflow:1072 log_task_states INFO: Tasks in state States.pending: 0
1781608203.161116 2026-06-16 13:10:03 MainProcess-75884 MainThread-8399593088 parsl.dataflow.dflow:1072 log_task_states INFO: Tasks in state States.running: 0
1781608203.161133 2026-06-16 13:10:03 MainProcess-75884 MainThread-8399593088 parsl.dataflow.dflow:1072 log_task_states INFO: Tasks in state States.exec_done: 13
1781608203.161150 2026-06-16 13:10:03 MainProcess-75884 MainThread-8399593088 parsl.dataflow.dflow:1072 log_task_states INFO: Tasks in state States.failed: 0
1781608203.161167 2026-06-16 13:10:03 MainProcess-75884 MainThread-8399593088 parsl.dataflow.dflow:1072 log_task_states INFO: Tasks in state States.dep_fail: 0
1781608203.161184 2026-06-16 13:10:03 MainProcess-75884 MainThread-8399593088 parsl.dataflow.dflow:1072 log_task_states INFO: Tasks in state States.launched: 0
1781608203.161201 2026-06-16 13:10:03 MainProcess-75884 MainThread-8399593088 parsl.dataflow.dflow:1072 log_task_states INFO: Tasks in state States.fail_retryable: 0
1781608203.161221 2026-06-16 13:10:03 MainProcess-75884 MainThread-8399593088 parsl.dataflow.dflow:1072 log_task_states INFO: Tasks in state States.memo_done: 0
1781608203.161237 2026-06-16 13:10:03 MainProcess-75884 MainThread-8399593088 parsl.dataflow.dflow:1072 log_task_states INFO: Tasks in state States.joining: 0
1781608203.161253 2026-06-16 13:10:03 MainProcess-75884 MainThread-8399593088 parsl.dataflow.dflow:1072 log_task_states INFO: Tasks in state States.running_ended: 0
1781608203.161269 2026-06-16 13:10:03 MainProcess-75884 MainThread-8399593088 parsl.dataflow.dflow:1074 log_task_states INFO: End of summary
1781608203.161292 2026-06-16 13:10:03 MainProcess-75884 MainThread-8399593088 parsl.dataflow.dflow:1151 cleanup INFO: Closing job status poller
1781608203.161351 2026-06-16 13:10:03 MainProcess-75884 MainThread-8399593088 parsl.jobs.job_status_poller:38 close INFO: Scaling in executor htex_default_for_cytotable
1781608203.161385 2026-06-16 13:10:03 MainProcess-75884 MainThread-8399593088 parsl.executors.high_throughput.executor:823 scale_in DEBUG: Scale in called, blocks=1
1781608203.161743 2026-06-16 13:10:03 MainProcess-75884 MainThread-8399593088 parsl.executors.high_throughput.zmq_pipes:77 run DEBUG: Sending command client command
1781608203.161804 2026-06-16 13:10:03 MainProcess-75884 MainThread-8399593088 parsl.executors.high_throughput.zmq_pipes:104 run DEBUG: Receiving command client response
1781608203.162086 2026-06-16 13:10:03 MainProcess-75884 MainThread-8399593088 parsl.executors.high_throughput.zmq_pipes:106 run DEBUG: Received command client response
1781608203.162115 2026-06-16 13:10:03 MainProcess-75884 MainThread-8399593088 parsl.executors.high_throughput.executor:857 scale_in DEBUG: Scale in selecting from 1 blocks
1781608203.162132 2026-06-16 13:10:03 MainProcess-75884 MainThread-8399593088 parsl.executors.high_throughput.zmq_pipes:77 run DEBUG: Sending command client command
1781608203.162153 2026-06-16 13:10:03 MainProcess-75884 MainThread-8399593088 parsl.executors.high_throughput.zmq_pipes:104 run DEBUG: Receiving command client response
1781608203.162394 2026-06-16 13:10:03 MainProcess-75884 MainThread-8399593088 parsl.executors.high_throughput.zmq_pipes:106 run DEBUG: Received command client response
1781608203.162421 2026-06-16 13:10:03 MainProcess-75884 MainThread-8399593088 parsl.executors.high_throughput.executor:690 _hold_block DEBUG: Sending hold to manager: c01a7bbc07f1
1781608203.162439 2026-06-16 13:10:03 MainProcess-75884 MainThread-8399593088 parsl.executors.high_throughput.zmq_pipes:77 run DEBUG: Sending command client command
1781608203.162466 2026-06-16 13:10:03 MainProcess-75884 MainThread-8399593088 parsl.executors.high_throughput.zmq_pipes:104 run DEBUG: Receiving command client response
1781608203.162706 2026-06-16 13:10:03 MainProcess-75884 MainThread-8399593088 parsl.executors.high_throughput.zmq_pipes:106 run DEBUG: Received command client response
1781608203.162728 2026-06-16 13:10:03 MainProcess-75884 MainThread-8399593088 parsl.executors.high_throughput.executor:649 _hold_manager DEBUG: Sent hold request to manager: c01a7bbc07f1
1781608203.162752 2026-06-16 13:10:03 MainProcess-75884 MainThread-8399593088 parsl.providers.local.local:256 cancel DEBUG: Terminating job/process ID: 75951
1781608203.162773 2026-06-16 13:10:03 MainProcess-75884 MainThread-8399593088 parsl.utils:498 execute_wait DEBUG: Creating process with command 'kill -- -$(ps -o pgid= 75951 | grep -o '[0-9]*')'
1781608203.167127 2026-06-16 13:10:03 MainProcess-75884 MainThread-8399593088 parsl.utils:506 execute_wait DEBUG: Created process with pid 75967. Performing communicate
1781608203.173497 2026-06-16 13:10:03 MainProcess-75884 MainThread-8399593088 parsl.utils:509 execute_wait DEBUG: Process 75967 returned 0
1781608203.173544 2026-06-16 13:10:03 MainProcess-75884 MainThread-8399593088 parsl.utils:515 execute_wait DEBUG: Execution of command in process 75967 completed normally
1781608203.173612 2026-06-16 13:10:03 MainProcess-75884 MainThread-8399593088 parsl.executors.status_handling:364 scale_in_facade DEBUG: Marking block 0 as SCALED_IN
1781608203.173663 2026-06-16 13:10:03 MainProcess-75884 MainThread-8399593088 parsl.dataflow.dflow:1153 cleanup INFO: Terminated job status poller
1781608203.173688 2026-06-16 13:10:03 MainProcess-75884 MainThread-8399593088 parsl.dataflow.dflow:1155 cleanup INFO: Shutting down executors
1781608203.173712 2026-06-16 13:10:03 MainProcess-75884 MainThread-8399593088 parsl.dataflow.dflow:1158 cleanup INFO: Shutting down executor htex_default_for_cytotable
1781608203.173745 2026-06-16 13:10:03 MainProcess-75884 MainThread-8399593088 parsl.executors.high_throughput.executor:928 shutdown INFO: Attempting HighThroughputExecutor shutdown
1781608203.173766 2026-06-16 13:10:03 MainProcess-75884 MainThread-8399593088 parsl.executors.high_throughput.executor:930 shutdown INFO: Terminating interchange and result queue thread
1781608203.181784 2026-06-16 13:10:03 MainProcess-75884 MainThread-8399593088 parsl.executors.high_throughput.executor:939 shutdown INFO: Closing ZMQ pipes
1781608203.181831 2026-06-16 13:10:03 MainProcess-75884 MainThread-8399593088 parsl.executors.high_throughput.executor:949 shutdown INFO: Closing outgoing_q
1781608203.182356 2026-06-16 13:10:03 MainProcess-75884 HTEX-Result-Queue-Thread-6209974272 parsl.executors.high_throughput.executor:567 _result_queue_worker INFO: Closing result ZMQ pipe
1781608203.182485 2026-06-16 13:10:03 MainProcess-75884 MainThread-8399593088 parsl.executors.high_throughput.executor:953 shutdown INFO: Closing command client
1781608203.182542 2026-06-16 13:10:03 MainProcess-75884 HTEX-Result-Queue-Thread-6209974272 parsl.executors.high_throughput.executor:569 _result_queue_worker INFO: Result queue worker finished
1781608203.182588 2026-06-16 13:10:03 MainProcess-75884 HTEX-Result-Queue-Thread-6209974272 parsl.process_loggers:27 wrapped DEBUG: Normal ending for _result_queue_worker on thread HTEX-Result-Queue-Thread
1781608203.182638 2026-06-16 13:10:03 MainProcess-75884 MainThread-8399593088 parsl.executors.high_throughput.executor:956 shutdown INFO: Waiting for result queue thread exit
1781608203.182673 2026-06-16 13:10:03 MainProcess-75884 MainThread-8399593088 parsl.executors.high_throughput.executor:965 shutdown INFO: Finished HighThroughputExecutor shutdown attempt
1781608203.182693 2026-06-16 13:10:03 MainProcess-75884 MainThread-8399593088 parsl.dataflow.dflow:1160 cleanup INFO: Shut down executor htex_default_for_cytotable
1781608203.182713 2026-06-16 13:10:03 MainProcess-75884 MainThread-8399593088 parsl.dataflow.dflow:1158 cleanup INFO: Shutting down executor _parsl_internal
1781608203.182741 2026-06-16 13:10:03 MainProcess-75884 MainThread-8399593088 parsl.executors.threads:84 shutdown DEBUG: Shutting down executor, which involves waiting for running tasks to complete
1781608203.182771 2026-06-16 13:10:03 MainProcess-75884 MainThread-8399593088 parsl.executors.threads:89 shutdown DEBUG: Done with executor shutdown
1781608203.182790 2026-06-16 13:10:03 MainProcess-75884 MainThread-8399593088 parsl.dataflow.dflow:1160 cleanup INFO: Shut down executor _parsl_internal
1781608203.182808 2026-06-16 13:10:03 MainProcess-75884 MainThread-8399593088 parsl.dataflow.dflow:1162 cleanup INFO: Terminated executors
1781608203.182836 2026-06-16 13:10:03 MainProcess-75884 MainThread-8399593088 parsl.dataflow.dflow:1179 cleanup INFO: Terminating task launch pool
1781608203.182897 2026-06-16 13:10:03 MainProcess-75884 MainThread-8399593088 parsl.dataflow.dflow:1181 cleanup INFO: Terminated task launch pool
1781608203.182920 2026-06-16 13:10:03 MainProcess-75884 MainThread-8399593088 parsl.dataflow.dflow:1183 cleanup INFO: Unregistering atexit hook
1781608203.182946 2026-06-16 13:10:03 MainProcess-75884 MainThread-8399593088 parsl.dataflow.dflow:1185 cleanup INFO: Unregistered atexit hook
1781608203.182966 2026-06-16 13:10:03 MainProcess-75884 MainThread-8399593088 parsl.dataflow.dflow:1188 cleanup INFO: Unregistering default DFK
1781608203.182991 2026-06-16 13:10:03 MainProcess-75884 MainThread-8399593088 parsl.dataflow.dflow:1190 cleanup INFO: Unregistered default DFK
1781608203.183010 2026-06-16 13:10:03 MainProcess-75884 MainThread-8399593088 parsl.dataflow.dflow:1195 cleanup INFO: Unregistering log handler
