1781608218.310809 2026-06-16 13:10:18 MainProcess-76004 MainThread-8399593088 parsl.executors.high_throughput.process_worker_pool:971 <module> INFO: 
  Python version: 3.12.12 (main, Feb 12 2026, 00:42:34) [Clang 21.1.4 ]
  Debug logging: False
  Certificates dir: /Users/jakob/Documents/SINTEF/project/cytopipe/runinfo/002/htex_default_for_cytotable/certificates
  Log dir: /Users/jakob/Documents/SINTEF/project/cytopipe/runinfo/002/htex_default_for_cytotable
  Log config path: None
  Manager ID: ee3b5c49b5c4
  Block ID: 0
  cores_per_worker: 1.0
  mem_per_worker: None
  Interchange port: 54678
  addresses: 78.91.96.174,127.0.0.1,10.218.118.107
  max_workers_per_node: inf
  poll_period: 10
  address_probe_timeout: 30
  Prefetch capacity: 0
  Heartbeat threshold: 120
  Heartbeat period: 30
  Drain period: None
  CPU affinity: none
  Accelerators: 
  enable_mpi_mode: False
  mpi_launcher: mpiexec
1781608218.310887 2026-06-16 13:10:18 MainProcess-76004 MainThread-8399593088 parsl.executors.high_throughput.process_worker_pool:163 __init__ INFO: Manager initializing
1781608218.315674 2026-06-16 13:10:18 MainProcess-76004 MainThread-8399593088 parsl.executors.high_throughput.process_worker_pool:185 __init__ INFO: Probe discovered interchange url: tcp://127.0.0.1:54678
1781608218.564136 2026-06-16 13:10:18 MainProcess-76004 MainThread-8399593088 parsl.executors.high_throughput.process_worker_pool:254 __init__ INFO: Manager will spawn 8 workers
1781608218.577139 2026-06-16 13:10:18 MainProcess-76004 Interchange-Communicator-6110359552 parsl.executors.high_throughput.process_worker_pool:304 interchange_communicator INFO: starting
1781608218.581819 2026-06-16 13:10:18 MainProcess-76004 Interchange-Communicator-6110359552 parsl.executors.high_throughput.process_worker_pool:317 interchange_communicator INFO: Manager task pipe connected to interchange
1781608218.587408 2026-06-16 13:10:18 MainProcess-76004 MainThread-8399593088 parsl.executors.high_throughput.process_worker_pool:533 start INFO: Manager threads started
1781608218.614408 2026-06-16 13:10:18 MainProcess-76004 Interchange-Communicator-6110359552 parsl.executors.high_throughput.process_worker_pool:329 interchange_communicator INFO: Successfully connected to interchange via URL: tcp://127.0.0.1:54678
